<?xml version="1.0" encoding="UTF-8"?>
<!-- Generated by org.testng.reporters.JUnitXMLReporter -->
<testsuite hostname="RAJEEV" ignored="2" name="Default test" tests="2" failures="0" timestamp="27 Mar 2020 08:07:55 GMT" time="4.788" errors="0">
  <testcase name="deleteTest" time="3.592" classname="learn.apitest.Test_Post"/>
  <testcase name="putTest" time="1.152" classname="learn.apitest.Test_Post"/>
  <testcase name="postTest" time="0.0" classname="learn.apitest.Test_Post">
    <ignored/>
  </testcase> <!-- postTest -->
  <testcase name="patchTest" time="0.0" classname="learn.apitest.Test_Post">
    <ignored/>
  </testcase> <!-- patchTest -->
</testsuite> <!-- Default test -->
