<?xml version="1.0" encoding="UTF-8"?>
<testng-results skipped="0" failed="0" ignored="2" total="4" passed="2">
  <reporter-output>
  </reporter-output>
  <suite name="Default suite" duration-ms="4788" started-at="2020-03-27T08:07:51Z" finished-at="2020-03-27T08:07:55Z">
    <groups>
    </groups>
    <test name="Default test" duration-ms="4788" started-at="2020-03-27T08:07:51Z" finished-at="2020-03-27T08:07:55Z">
      <class name="learn.apitest.Test_Post">
        <test-method status="PASS" signature="deleteTest()[pri:0, instance:learn.apitest.Test_Post@59fa1d9b]" name="deleteTest" duration-ms="3592" started-at="2020-03-27T13:37:51Z" finished-at="2020-03-27T13:37:54Z">
          <reporter-output>
          </reporter-output>
        </test-method> <!-- deleteTest -->
        <test-method status="PASS" signature="putTest()[pri:0, instance:learn.apitest.Test_Post@59fa1d9b]" name="putTest" duration-ms="1152" started-at="2020-03-27T13:37:54Z" finished-at="2020-03-27T13:37:55Z">
          <reporter-output>
          </reporter-output>
        </test-method> <!-- putTest -->
      </class> <!-- learn.apitest.Test_Post -->
    </test> <!-- Default test -->
  </suite> <!-- Default suite -->
</testng-results>
